<?xml version="1.0" encoding="UTF-8"?>
<!-- Generated by org.testng.reporters.JUnitReportReporter -->
<testsuite hostname="DESKTOP-I2L03NO" failures="0" tests="1" name="testCases.TC002_LoginTest" time="1.860" errors="0" timestamp="2025-03-19T13:48:06 IST" skipped="0">
  <testcase classname="testCases.TC002_LoginTest" name="verifyLogin" time="1.860"/>
</testsuite> <!-- testCases.TC002_LoginTest -->
